<?xml version="1.0" encoding="UTF-8"?>
<!-- Generated by org.testng.reporters.JUnitReportReporter -->
<testsuite hostname="shekhar" failures="0" tests="1" name="GenericUtils.readdatafromJASON" time="0.096" errors="0" timestamp="2021-09-27T10:47:22 IST" skipped="0">
  <testcase classname="GenericUtils.readdatafromJASON" name="readJason" time="0.096"/>
  <system-out/>
</testsuite> <!-- GenericUtils.readdatafromJASON -->
