<?xml version="1.0" encoding="UTF-8"?>
<!-- Generated by org.testng.reporters.JUnitReportReporter -->
<testsuite hostname="shekhar" failures="0" tests="1" name="Practice.contact" time="0.033" errors="0" timestamp="2021-10-06T19:48:59 IST" skipped="0">
  <testcase classname="Practice.contact" name="org" time="0.033"/>
  <system-out/>
</testsuite> <!-- Practice.contact -->
