<?xml version="1.0" encoding="UTF-8"?>
<!-- Generated by org.testng.reporters.JUnitReportReporter -->
<testsuite hostname="shekhar" failures="0" tests="1" name="GenericUtils.ReadDataFromjasonFile" time="0.059" errors="0" timestamp="2021-09-23T17:46:21 IST" skipped="0">
  <testcase classname="GenericUtils.ReadDataFromjasonFile" name="getDataFromJson" time="0.059"/>
  <system-out/>
</testsuite> <!-- GenericUtils.ReadDataFromjasonFile -->
