<?xml version="1.0" encoding="UTF-8"?>
<!-- Generated by org.testng.reporters.JUnitReportReporter -->
<testsuite hostname="shekhar" failures="0" tests="1" name="GenericUtils.ReadDataFromProperties" time="0.046" errors="0" timestamp="2021-09-23T15:50:07 IST" skipped="0">
  <testcase classname="GenericUtils.ReadDataFromProperties" name="readDataFromProperties" time="0.046"/>
  <system-out/>
</testsuite> <!-- GenericUtils.ReadDataFromProperties -->
