<?xml version="1.0" encoding="UTF-8"?>
<!-- Generated by org.testng.reporters.JUnitReportReporter -->
<testsuite hostname="shekhar" failures="0" tests="1" name="Practice.ExecuteUpdate" time="1.638" errors="0" timestamp="2021-09-27T16:31:41 IST" skipped="0">
  <testcase classname="Practice.ExecuteUpdate" name="executeQuery" time="1.638"/>
  <system-out/>
</testsuite> <!-- Practice.ExecuteUpdate -->
