<?xml version="1.0" encoding="UTF-8"?>
<!-- Generated by org.testng.reporters.JUnitReportReporter -->
<testsuite hostname="shekhar" failures="0" tests="1" name="Practice.ExecuteQuery" time="3.328" errors="0" timestamp="2021-09-27T15:08:36 IST" skipped="0">
  <testcase classname="Practice.ExecuteQuery" name="executeQuery" time="3.328"/>
  <system-out/>
</testsuite> <!-- Practice.ExecuteQuery -->
